<?xml version="1.0" encoding="UTF-8"?>
<!-- Generated by org.testng.reporters.JUnitReportReporter -->
<testsuite hostname="DESKTOP-0D5O4JG" failures="0" tests="3" name="WorkPracticeCompany.Tests.SubmitOrderTest" time="87.156" errors="0" timestamp="2026-04-17T17:21:00 IST" skipped="0">
  <testcase classname="WorkPracticeCompany.Tests.SubmitOrderTest" name="submitOrder" time="29.193"/>
  <testcase classname="WorkPracticeCompany.Tests.SubmitOrderTest" name="submitOrder" time="47.543"/>
  <testcase classname="WorkPracticeCompany.Tests.SubmitOrderTest" name="myOrders" time="10.420"/>
</testsuite> <!-- WorkPracticeCompany.Tests.SubmitOrderTest -->
